2023-11-22 12:36:13,308 - INFO - aiogram.dispatcher.dispatcher - Start polling.
2023-11-22 13:34:24,152 - INFO - telethon.network.mtprotosender - Connecting to 149.154.175.52:443/TcpFull...
2023-11-22 13:34:24,270 - INFO - telethon.network.mtprotosender - Connection to 149.154.175.52:443/TcpFull complete!
2023-11-22 13:34:58,647 - INFO - telethon.client.updates - Got difference for channel 1928536131 updates
2023-11-22 13:36:32,324 - INFO - telethon.client.users - Sleeping for 5s (0:00:05) on GetDialogsRequest flood wait
2023-11-22 13:36:33,398 - INFO - telethon.client.users - Sleeping early for 4s (0:00:04) on GetDialogsRequest flood wait
2023-11-22 13:36:33,744 - INFO - telethon.client.users - Sleeping early for 4s (0:00:04) on GetDialogsRequest flood wait
2023-11-22 13:36:40,084 - INFO - telethon.client.updates - Got difference for account updates
2023-11-22 13:36:40,219 - INFO - telethon.client.updates - Got difference for channel 1146170349 updates
2023-11-22 13:36:47,843 - INFO - telethon.client.updates - Got difference for channel 1146170349 updates
2023-11-22 13:37:04,738 - INFO - telethon.client.updates - Got difference for channel 1928536131 updates
2023-11-22 13:37:07,783 - INFO - telethon.client.updates - Got difference for channel 1146170349 updates
2023-11-22 13:39:20,849 - INFO - telethon.client.updates - Got difference for channel 1146170349 updates
2023-11-22 13:41:25,645 - INFO - telethon.client.updates - Got difference for channel 1146170349 updates
2023-11-22 13:41:51,329 - INFO - telethon.client.updates - Got difference for channel 1216652106 updates
2023-11-22 13:41:51,471 - INFO - telethon.client.updates - Got difference for channel 1146170349 updates
2023-11-22 13:42:39,475 - ERROR - asyncio - Task exception was never retrieved
future: <Task finished name='Task-888' coro=<Dispatcher._process_polling_updates() done, defined at /usr/local/lib/python3.8/dist-packages/aiogram/dispatcher/dispatcher.py:407> exception=OperationalError(1241, 'Operand should contain 1 column(s)')>
Traceback (most recent call last):
  File "/usr/local/lib/python3.8/dist-packages/aiogram/dispatcher/dispatcher.py", line 415, in _process_polling_updates
    for responses in itertools.chain.from_iterable(await self.process_updates(updates, fast)):
  File "/usr/local/lib/python3.8/dist-packages/aiogram/dispatcher/dispatcher.py", line 235, in process_updates
    return await asyncio.gather(*tasks)
  File "/usr/local/lib/python3.8/dist-packages/aiogram/dispatcher/handler.py", line 117, in notify
    response = await handler_obj.handler(*args, **partial_data)
  File "/usr/local/lib/python3.8/dist-packages/aiogram/dispatcher/dispatcher.py", line 256, in process_update
    return await self.message_handlers.notify(update.message)
  File "/usr/local/lib/python3.8/dist-packages/aiogram/dispatcher/handler.py", line 117, in notify
    response = await handler_obj.handler(*args, **partial_data)
  File "/home/interceptor_raptor_bot/handlers/user.py", line 259, in update_keyWord
    await db.update_keyWord(chat_id = user_info['chat_id'], value = message.text.split())
  File "/home/interceptor_raptor_bot/models/user.py", line 110, in update_keyWord
    return await self.execute(sql, (value, chat_id), execute = True)
  File "/home/interceptor_raptor_bot/models/database.py", line 26, in execute
    await cursor.execute(command, *args)
  File "/usr/local/lib/python3.8/dist-packages/aiomysql/cursors.py", line 239, in execute
    await self._query(query)
  File "/usr/local/lib/python3.8/dist-packages/aiomysql/cursors.py", line 457, in _query
    await conn.query(q)
  File "/usr/local/lib/python3.8/dist-packages/aiomysql/connection.py", line 469, in query
    await self._read_query_result(unbuffered=unbuffered)
  File "/usr/local/lib/python3.8/dist-packages/aiomysql/connection.py", line 683, in _read_query_result
    await result.read()
  File "/usr/local/lib/python3.8/dist-packages/aiomysql/connection.py", line 1164, in read
    first_packet = await self.connection._read_packet()
  File "/usr/local/lib/python3.8/dist-packages/aiomysql/connection.py", line 652, in _read_packet
    packet.raise_for_error()
  File "/usr/local/lib/python3.8/dist-packages/pymysql/protocol.py", line 221, in raise_for_error
    err.raise_mysql_exception(self._data)
  File "/usr/local/lib/python3.8/dist-packages/pymysql/err.py", line 143, in raise_mysql_exception
    raise errorclass(errno, errval)
pymysql.err.OperationalError: (1241, 'Operand should contain 1 column(s)')
2023-11-22 13:43:21,912 - INFO - telethon.client.updates - Got difference for channel 1146170349 updates
2023-11-22 13:45:23,029 - INFO - telethon.client.updates - Got difference for channel 1146170349 updates
2023-11-22 13:45:27,363 - INFO - telethon.client.updates - Got difference for channel 1216652106 updates
2023-11-22 13:45:56,438 - INFO - telethon.client.updates - Got difference for channel 1146170349 updates
2023-11-22 13:45:59,682 - INFO - telethon.client.users - Sleeping for 7s (0:00:07) on GetDialogsRequest flood wait
2023-11-22 13:45:59,686 - INFO - telethon.client.users - Sleeping for 7s (0:00:07) on GetDialogsRequest flood wait
2023-11-22 13:46:00,105 - INFO - telethon.client.users - Sleeping early for 7s (0:00:07) on GetDialogsRequest flood wait
2023-11-22 13:46:03,699 - INFO - telethon.client.users - Sleeping for 3s (0:00:03) on GetDialogsRequest flood wait
2023-11-22 13:46:05,806 - INFO - telethon.client.updates - Got difference for channel 1928536131 updates
2023-11-22 13:46:33,454 - INFO - telethon.client.users - Sleeping for 4s (0:00:04) on GetDialogsRequest flood wait
2023-11-22 13:46:33,724 - INFO - telethon.client.users - Sleeping early for 4s (0:00:04) on GetDialogsRequest flood wait
2023-11-22 13:46:44,383 - INFO - telethon.client.updates - Got difference for channel 1216652106 updates
2023-11-22 13:46:57,713 - INFO - telethon.client.users - Sleeping for 11s (0:00:11) on GetDialogsRequest flood wait
2023-11-22 13:46:58,642 - INFO - telethon.client.users - Sleeping early for 10s (0:00:10) on GetDialogsRequest flood wait
2023-11-22 13:46:58,978 - INFO - telethon.client.users - Sleeping early for 10s (0:00:10) on GetDialogsRequest flood wait
2023-11-22 13:46:59,058 - INFO - telethon.client.users - Sleeping early for 10s (0:00:10) on GetDialogsRequest flood wait
2023-11-22 13:47:02,319 - INFO - telethon.client.users - Sleeping early for 6s (0:00:06) on GetDialogsRequest flood wait
2023-11-22 13:47:34,920 - INFO - telethon.client.users - Sleeping for 5s (0:00:05) on GetDialogsRequest flood wait
2023-11-22 13:47:34,921 - INFO - telethon.client.users - Sleeping for 5s (0:00:05) on GetDialogsRequest flood wait
2023-11-22 13:47:57,591 - INFO - telethon.client.users - Sleeping for 13s (0:00:13) on GetDialogsRequest flood wait
2023-11-22 13:47:57,638 - INFO - telethon.client.users - Sleeping early for 13s (0:00:13) on GetDialogsRequest flood wait
2023-11-22 13:48:07,662 - INFO - telethon.client.users - Sleeping for 3s (0:00:03) on GetDialogsRequest flood wait
2023-11-22 13:48:08,279 - INFO - telethon.client.users - Sleeping for 3s (0:00:03) on GetDialogsRequest flood wait
2023-11-22 13:48:08,522 - INFO - telethon.client.users - Sleeping for 3s (0:00:03) on GetDialogsRequest flood wait
2023-11-22 13:48:08,539 - INFO - telethon.client.users - Sleeping for 3s (0:00:03) on GetDialogsRequest flood wait
2023-11-22 13:48:22,147 - INFO - telethon.client.updates - Got difference for channel 1216652106 updates
2023-11-22 13:48:30,924 - INFO - telethon.client.users - Sleeping for 11s (0:00:11) on GetDialogsRequest flood wait
2023-11-22 13:48:32,224 - INFO - telethon.client.users - Sleeping early for 10s (0:00:10) on GetDialogsRequest flood wait
2023-11-22 13:48:43,157 - INFO - telethon.client.updates - Got difference for channel 1928536131 updates
2023-11-22 13:49:05,151 - INFO - telethon.client.users - Sleeping for 7s (0:00:07) on GetDialogsRequest flood wait
2023-11-22 13:49:05,441 - INFO - telethon.client.users - Sleeping early for 7s (0:00:07) on GetDialogsRequest flood wait
2023-11-22 13:49:06,418 - INFO - telethon.client.users - Sleeping early for 6s (0:00:06) on GetDialogsRequest flood wait
2023-11-22 13:49:40,298 - INFO - telethon.client.users - Sleeping for 3s (0:00:03) on GetDialogsRequest flood wait
2023-11-22 13:49:40,517 - INFO - telethon.client.users - Sleeping for 3s (0:00:03) on GetDialogsRequest flood wait
2023-11-22 13:49:45,583 - INFO - telethon.client.updates - Got difference for channel 1146170349 updates
2023-11-22 13:49:59,878 - INFO - telethon.client.users - Sleeping for 15s (0:00:15) on GetDialogsRequest flood wait
2023-11-22 13:50:02,091 - INFO - telethon.client.updates - Got difference for channel 1146170349 updates
2023-11-22 13:50:02,438 - INFO - telethon.client.users - Sleeping early for 12s (0:00:12) on GetDialogsRequest flood wait
2023-11-22 13:50:11,787 - INFO - telethon.client.users - Sleeping for 3s (0:00:03) on GetDialogsRequest flood wait
2023-11-22 13:50:32,946 - INFO - telethon.client.users - Sleeping for 13s (0:00:13) on GetDialogsRequest flood wait
2023-11-22 13:50:34,688 - INFO - telethon.client.users - Sleeping early for 11s (0:00:11) on GetDialogsRequest flood wait
2023-11-22 13:50:35,515 - INFO - telethon.client.users - Sleeping early for 10s (0:00:10) on GetDialogsRequest flood wait
2023-11-22 13:50:39,410 - INFO - telethon.client.users - Sleeping early for 7s (0:00:07) on GetDialogsRequest flood wait
2023-11-22 13:50:43,879 - INFO - telethon.client.users - Sleeping for 3s (0:00:03) on GetDialogsRequest flood wait
2023-11-22 13:50:43,883 - INFO - telethon.client.users - Sleeping for 3s (0:00:03) on GetDialogsRequest flood wait
2023-11-22 13:52:18,169 - INFO - telethon.client.updates - Got difference for channel 1146170349 updates
2023-11-22 13:52:40,658 - INFO - telethon.client.updates - Got difference for channel 1365086777 updates
2023-11-22 13:53:08,938 - INFO - telethon.client.updates - Got difference for channel 1146170349 updates
2023-11-22 13:56:26,841 - INFO - telethon.client.updates - Got difference for channel 1928536131 updates
2023-11-22 13:56:58,585 - INFO - telethon.client.updates - Got difference for channel 1146170349 updates
2023-11-22 13:57:25,922 - INFO - telethon.client.updates - Got difference for channel 1146170349 updates
2023-11-22 13:57:48,772 - INFO - telethon.client.updates - Got difference for channel 1928536131 updates
2023-11-22 14:01:14,138 - INFO - telethon.client.updates - Got difference for channel 1146170349 updates
2023-11-22 14:03:04,971 - INFO - telethon.client.updates - Got difference for channel 1146170349 updates
2023-11-22 14:08:32,274 - INFO - telethon.client.updates - Got difference for channel 1216652106 updates
2023-11-22 14:11:06,792 - INFO - telethon.client.updates - Got difference for channel 1216652106 updates
2023-11-22 14:11:21,516 - INFO - telethon.client.updates - Got difference for channel 1146170349 updates
2023-11-22 14:15:36,028 - INFO - telethon.client.updates - Got difference for channel 1146170349 updates
2023-11-22 14:16:12,213 - INFO - aiogram.dispatcher.dispatcher - Start polling.
2023-11-22 14:21:29,008 - INFO - telethon.network.mtprotosender - Connecting to 149.154.175.53:443/TcpFull...
2023-11-22 14:21:29,124 - INFO - telethon.network.mtprotosender - Connection to 149.154.175.53:443/TcpFull complete!
2023-11-22 14:21:40,107 - INFO - telethon.network.mtprotosender - Connecting to 149.154.175.53:443/TcpFull...
2023-11-22 14:21:40,219 - INFO - telethon.network.mtprotosender - Connection to 149.154.175.53:443/TcpFull complete!
2023-11-22 14:21:50,216 - INFO - telethon.network.mtprotosender - Connecting to 149.154.175.52:443/TcpFull...
2023-11-22 14:21:50,330 - INFO - telethon.network.mtprotosender - Connection to 149.154.175.52:443/TcpFull complete!
2023-11-22 14:23:13,866 - INFO - telethon.client.updates - Got difference for channel 1216652106 updates
2023-11-22 14:27:03,107 - INFO - telethon.client.updates - Got difference for channel 1146170349 updates
2023-11-22 14:27:29,562 - INFO - telethon.client.updates - Got difference for channel 1928536131 updates
2023-11-22 14:27:49,830 - INFO - telethon.client.updates - Got difference for channel 1216652106 updates
2023-11-22 14:28:21,776 - ERROR - asyncio - Task exception was never retrieved
future: <Task finished name='Task-590' coro=<Dispatcher._process_polling_updates() done, defined at /usr/local/lib/python3.8/dist-packages/aiogram/dispatcher/dispatcher.py:407> exception=OperationalError(1241, 'Operand should contain 1 column(s)')>
Traceback (most recent call last):
  File "/usr/local/lib/python3.8/dist-packages/aiogram/dispatcher/dispatcher.py", line 415, in _process_polling_updates
    for responses in itertools.chain.from_iterable(await self.process_updates(updates, fast)):
  File "/usr/local/lib/python3.8/dist-packages/aiogram/dispatcher/dispatcher.py", line 235, in process_updates
    return await asyncio.gather(*tasks)
  File "/usr/local/lib/python3.8/dist-packages/aiogram/dispatcher/handler.py", line 117, in notify
    response = await handler_obj.handler(*args, **partial_data)
  File "/usr/local/lib/python3.8/dist-packages/aiogram/dispatcher/dispatcher.py", line 256, in process_update
    return await self.message_handlers.notify(update.message)
  File "/usr/local/lib/python3.8/dist-packages/aiogram/dispatcher/handler.py", line 117, in notify
    response = await handler_obj.handler(*args, **partial_data)
  File "/home/interceptor_raptor_bot/handlers/user.py", line 259, in update_keyWord
    await db.update_keyWord(chat_id = user_info['chat_id'], value = message.text.split())
  File "/home/interceptor_raptor_bot/models/user.py", line 110, in update_keyWord
    return await self.execute(sql, (value, chat_id), execute = True)
  File "/home/interceptor_raptor_bot/models/database.py", line 26, in execute
    await cursor.execute(command, *args)
  File "/usr/local/lib/python3.8/dist-packages/aiomysql/cursors.py", line 239, in execute
    await self._query(query)
  File "/usr/local/lib/python3.8/dist-packages/aiomysql/cursors.py", line 457, in _query
    await conn.query(q)
  File "/usr/local/lib/python3.8/dist-packages/aiomysql/connection.py", line 469, in query
    await self._read_query_result(unbuffered=unbuffered)
  File "/usr/local/lib/python3.8/dist-packages/aiomysql/connection.py", line 683, in _read_query_result
    await result.read()
  File "/usr/local/lib/python3.8/dist-packages/aiomysql/connection.py", line 1164, in read
    first_packet = await self.connection._read_packet()
  File "/usr/local/lib/python3.8/dist-packages/aiomysql/connection.py", line 652, in _read_packet
    packet.raise_for_error()
  File "/usr/local/lib/python3.8/dist-packages/pymysql/protocol.py", line 221, in raise_for_error
    err.raise_mysql_exception(self._data)
  File "/usr/local/lib/python3.8/dist-packages/pymysql/err.py", line 143, in raise_mysql_exception
    raise errorclass(errno, errval)
pymysql.err.OperationalError: (1241, 'Operand should contain 1 column(s)')
